#NEXUS
begin taxa;
	dimensions ntax=82;
	taxlabels
	Abelia_uniflora[&!color=#ff0066]
	Acanthocalys_nepalensis[&!color=#33cc00]
	Adoxa_moschatellina[&!color=#330099]
	Bassecoia_siamensis[&!color=#990099]
	Centranthus_ruber[&!color=#00cccc]
	Cephalaria_gigantea[&!color=#990099]
	Cryptothladia_kokonorica[&!color=#33cc00]
	Diabelia_tetrasepala[&!color=#ff0066]
	Diervilla_sessilifolia[&!color=#ff3300]
	Dipelta_floribunda[&!color=#ff0066]
	Dipsacus_fullomum[&!color=#990099]
	Fedia_cornucopiae[&!color=#00cccc]
	Heptacodium_miconioides[&!color=#006600]
	Ilex_crenata
	Knautia_macedonica[&!color=#990099]
	Kolkwitzia_amabilis[&!color=#ff0066]
	Leycesteria_formosa[&!color=#006600]
	Linnea_borealis[&!color=#ff0066]
	Lomelosia_albocinta[&!color=#990099]
	Lonicera_caerulea[&!color=#006600]
	Lonicera_ferdinandi[&!color=#006600]
	Lonicera_floribunda[&!color=#006600]
	Lonicera_fragrantissima[&!color=#006600]
	Lonicera_gynochlamydea[&!color=#006600]
	Lonicera_henryi[&!color=#006600]
	Lonicera_maackii[&!color=#006600]
	Lonicera_orientalis[&!color=#006600]
	Lonicera_periclymenum[&!color=#006600]
	Lonicera_pileata[&!color=#006600]
	Lonicera_quinquelocuaris[&!color=#006600]
	Lonicera_standishii[&!color=#006600]
	Lonicera_tatarica[&!color=#006600]
	Lonicera_xylosteum[&!color=#006600]
	Morina_longifolia[&!color=#33cc00]
	Nardostachys_jatamansi[&!color=#00cccc]
	Paracryphia_alticola
	Patrina_triloba[&!color=#00cccc]
	Plectritis_congesta[&!color=#00cccc]
	Pteracephalodes_hookeri[&!color=#990099]
	Pterocephalus_sanctus[&!color=#990099]
	Pycnocomon_canus[&!color=#990099]
	Sambucus_cerulea[&!color=#330099]
	Sambucus_gaudichaudiana[&!color=#330099]
	Sambucus_pubens[&!color=#330099]
	Sinodoxa_corydarifolia[&!color=#330099]
	Sixalis_farinosa[&!color=#990099]
	Succisa_pratensis[&!color=#990099]
	Succisella_inflexa[&!color=#990099]
	Symphoricarpos_occidentalis[&!color=#006600]
	Triosteum_himalayanum[&!color=#006600]
	Triplostegia_grandulifera[&!color=#990099]
	Valeriana_celtica[&!color=#00cccc]
	Valeriana_lapathifolia[&!color=#00cccc]
	Valeriana_laxiflora[&!color=#00cccc]
	Valeriana_lobata[&!color=#00cccc]
	Valeriana_microphylla[&!color=#00cccc]
	Valeriana_officinalis[&!color=#00cccc]
	Valeriana_polemoniifolia[&!color=#00cccc]
	Valeriana_prinophylla[&!color=#00cccc]
	Valeriana_pyrennica[&!color=#00cccc]
	Valeriana_tuberosa[&!color=#00cccc]
	Valeriana_virescens[&!color=#00cccc]
	Valeriana_wallrothii[&!color=#00cccc]
	Vesalea_coriacea[&!color=#ff0066]
	Viburnum_acutilifolium[&!color=#330099]
	Viburnum_ampliflicatum[&!color=#330099]
	Viburnum_clemensiae[&!color=#330099]
	Viburnum_dentatum[&!color=#330099]
	Viburnum_jamesonii[&!color=#330099]
	Viburnum_lantenoides[&!color=#330099]
	Viburnum_lutescens[&!color=#330099]
	Viburnum_luzonicum[&!color=#330099]
	Viburnum_orientale[&!color=#330099]
	Viburnum_plicatum[&!color=#330099]
	Viburnum_punctatum[&!color=#330099]
	Viburnum_rhytidophyllum[&!color=#330099]
	Viburnum_sargentii[&!color=#330099]
	Viburnum_sieboldii[&!color=#330099]
	Viburnum_taiwanianum[&!color=#330099]
	Weigela_florida[&!color=#ff3300]
	Zabelia_dielsii[&!color=#000000]
	Zabelia_tyaihyoni[&!color=#000000]
;
end;

begin trees;
	tree tree_1 = [&R] ((Diabelia_tetrasepala:0.003819,Dipelta_floribunda:0.001539)[&bootstrap=100]:2.79E-4,(Abelia_uniflora:0.002041,((Linnea_borealis:0.001626,Vesalea_coriacea:0.002886)[&bootstrap=100]:3.44E-4,(((Zabelia_tyaihyoni:0.004109,Zabelia_dielsii:0.001286)[&bootstrap=100]:0.005885,((Cryptothladia_kokonorica:0.00146,Morina_longifolia:0.004252)[&bootstrap=100]:0.011367,Acanthocalys_nepalensis:0.011838)[&bootstrap=100]:0.008344)[&bootstrap=100]:0.001757,(((Patrina_triloba:0.010774,((Valeriana_celtica:0.009623,((Valeriana_microphylla:0.00652,Fedia_cornucopiae:0.029333)[&bootstrap=100]:0.006509,((Centranthus_ruber:0.008911,(Valeriana_pyrennica:0.007316,((Valeriana_wallrothii:0.002778,Valeriana_officinalis:9.12E-4)[&bootstrap=100]:0.002303,Valeriana_tuberosa:0.004674)[&bootstrap=100]:0.006809)[&bootstrap=78]:6.34E-4)[&bootstrap=92]:6.86E-4,((Valeriana_prinophylla:0.003639,Plectritis_congesta:0.016309)[&bootstrap=93]:2.85E-4,(Valeriana_lapathifolia:0.003408,((Valeriana_polemoniifolia:0.001609,Valeriana_laxiflora:0.002087)[&bootstrap=100]:0.001228,(Valeriana_lobata:0.003614,Valeriana_virescens:0.002016)[&bootstrap=100]:6.81E-4)[&bootstrap=99]:3.07E-4)[&bootstrap=100]:9.37E-4)[&bootstrap=100]:0.003859)[&bootstrap=100]:0.00401)[&bootstrap=100]:0.013826)[&bootstrap=100]:0.011348,Nardostachys_jatamansi:0.005269)[&bootstrap=100]:0.016195)[&bootstrap=100]:0.006285,(Triplostegia_grandulifera:0.010608,(Adoxa_moschatellina:0.020106,(((Pycnocomon_canus:0.007,Pterocephalus_sanctus:0.015896)[&bootstrap=100]:0.006175,(Sixalis_farinosa:0.011825,Lomelosia_albocinta:0.009608)[&bootstrap=100]:0.005244)[&bootstrap=100]:0.002671,((Pteracephalodes_hookeri:0.006253,Bassecoia_siamensis:0.004303)[&bootstrap=100]:0.002802,(((Succisa_pratensis:0.016373,Succisella_inflexa:0.009948)[&bootstrap=98]:0.001041,(Dipsacus_fullomum:0.02899,Knautia_macedonica:0.00831)[&bootstrap=67]:0.003282)[&bootstrap=62]:0.001078,Cephalaria_gigantea:0.04058)[&bootstrap=100]:6.89E-4)[&bootstrap=75]:5.28E-4)[&bootstrap=100]:0.007685)[&bootstrap=100]:0.014394)[&bootstrap=100]:0.003812)[&bootstrap=100]:0.002686,(((Weigela_florida:0.005946,Diervilla_sessilifolia:0.004897)[&bootstrap=100]:0.007273,((Ilex_crenata[&!color=#000080]:0.026676,Paracryphia_alticola:0.01156)[&bootstrap=100]:0.00272,(((Sambucus_pubens:0.014242,(Sambucus_gaudichaudiana:0.006338,Sambucus_cerulea:0.013794)[&bootstrap=49]:2.06E-4)[&bootstrap=60]:0.001088,Sinodoxa_corydarifolia:0.016425)[&bootstrap=100]:0.007093,(Viburnum_plicatum:0.02358,(Viburnum_clemensiae:0.007979,((Viburnum_lantenoides:0.004752,(Viburnum_ampliflicatum:0.008447,(Viburnum_rhytidophyllum:0.001597,Viburnum_punctatum:0.005055)[&bootstrap=100]:0.001053)[&bootstrap=43]:2.14E-4)[&bootstrap=23]:9.1E-5,(((Viburnum_lutescens:0.003178,Viburnum_sieboldii:0.002776)[&bootstrap=91]:4.98E-4,Viburnum_taiwanianum:0.001975)[&bootstrap=57]:1.67E-4,(Viburnum_sargentii:0.007426,((Viburnum_orientale:0.004482,Viburnum_luzonicum:0.010154)[&bootstrap=100]:0.001985,(Viburnum_jamesonii:0.004336,(Viburnum_dentatum:0.002295,Viburnum_acutilifolium:3.14E-4)[&bootstrap=69]:2.62E-4)[&bootstrap=100]:0.002305)[&bootstrap=55]:1.53E-4)[&bootstrap=99]:6.34E-4)[&bootstrap=24]:6.4E-5)[&bootstrap=37]:3.65E-4)[&bootstrap=88]:0.001338)[&bootstrap=100]:0.004518)[&bootstrap=100]:0.00279)[&bootstrap=100]:0.025285)[&bootstrap=100]:0.001979,(Heptacodium_miconioides:0.018872,(Triosteum_himalayanum:0.007326,((Symphoricarpos_occidentalis:0.005458,Leycesteria_formosa:0.006099)[&bootstrap=100]:6.54E-4,(Lonicera_periclymenum:0.010459,((Lonicera_standishii:2.64E-4,Lonicera_fragrantissima:0.002185)[&bootstrap=100]:0.002268,(Lonicera_caerulea:0.002351,(Lonicera_ferdinandi:0.004384,((Lonicera_henryi:0.005757,((Lonicera_orientalis:0.005141,(((Lonicera_quinquelocuaris:0.002132,Lonicera_maackii:0.001969)[&bootstrap=100]:0.00109,Lonicera_tatarica:0.002259)[&bootstrap=96]:1.64E-4,(Lonicera_floribunda:4.74E-4,Lonicera_xylosteum:8.36E-4)[&bootstrap=100]:7.67E-4)[&bootstrap=100]:6.9E-4)[&bootstrap=78]:1.26E-4,Lonicera_pileata:0.003444)[&bootstrap=31]:4.2E-5)[&bootstrap=39]:5.0E-5,Lonicera_gynochlamydea:0.003457)[&bootstrap=100]:5.21E-4)[&bootstrap=63]:1.61E-4)[&bootstrap=98]:3.19E-4)[&bootstrap=100]:0.001557)[&bootstrap=100]:0.004421)[&bootstrap=64]:4.4E-4)[&bootstrap=100]:0.012272)[&bootstrap=100]:0.002739)[&bootstrap=100]:0.012492)[&bootstrap=91]:5.36E-4)[&bootstrap=100]:0.010794)[&bootstrap=100]:6.69E-4)[&bootstrap=100]:3.76E-4,Kolkwitzia_amabilis:0.001834);
end;

begin figtree;
	set appearance.backgroundColorAttribute="Default";
	set appearance.backgroundColour=#ffffff;
	set appearance.branchColorAttribute="User selection";
	set appearance.branchColorGradient=false;
	set appearance.branchLineWidth=1.0;
	set appearance.branchMinLineWidth=0.0;
	set appearance.branchWidthAttribute="Fixed";
	set appearance.foregroundColour=#000000;
	set appearance.hilightingGradient=false;
	set appearance.selectionColour=#2d3680;
	set branchLabels.colorAttribute="User selection";
	set branchLabels.displayAttribute="bootstrap";
	set branchLabels.fontName="sansserif";
	set branchLabels.fontSize=8;
	set branchLabels.fontStyle=0;
	set branchLabels.isShown=true;
	set branchLabels.significantDigits=4;
	set layout.expansion=495;
	set layout.layoutType="RECTILINEAR";
	set layout.zoom=0;
	set legend.attribute="bootstrap";
	set legend.fontSize=10.0;
	set legend.isShown=false;
	set legend.significantDigits=4;
	set nodeBars.barWidth=4.0;
	set nodeBars.displayAttribute=null;
	set nodeBars.isShown=false;
	set nodeLabels.colorAttribute="User selection";
	set nodeLabels.displayAttribute="Node ages";
	set nodeLabels.fontName="sansserif";
	set nodeLabels.fontSize=8;
	set nodeLabels.fontStyle=0;
	set nodeLabels.isShown=false;
	set nodeLabels.significantDigits=4;
	set nodeShapeExternal.colourAttribute="User selection";
	set nodeShapeExternal.isShown=false;
	set nodeShapeExternal.minSize=10.0;
	set nodeShapeExternal.scaleType=Width;
	set nodeShapeExternal.shapeType=Circle;
	set nodeShapeExternal.size=4.0;
	set nodeShapeExternal.sizeAttribute="Fixed";
	set nodeShapeInternal.colourAttribute="User selection";
	set nodeShapeInternal.isShown=false;
	set nodeShapeInternal.minSize=10.0;
	set nodeShapeInternal.scaleType=Width;
	set nodeShapeInternal.shapeType=Circle;
	set nodeShapeInternal.size=4.0;
	set nodeShapeInternal.sizeAttribute="Fixed";
	set polarLayout.alignTipLabels=false;
	set polarLayout.angularRange=0;
	set polarLayout.rootAngle=0;
	set polarLayout.rootLength=100;
	set polarLayout.showRoot=true;
	set radialLayout.spread=0.0;
	set rectilinearLayout.alignTipLabels=false;
	set rectilinearLayout.curvature=0;
	set rectilinearLayout.rootLength=100;
	set scale.offsetAge=0.0;
	set scale.rootAge=1.0;
	set scale.scaleFactor=1.0;
	set scale.scaleRoot=false;
	set scaleAxis.automaticScale=true;
	set scaleAxis.fontSize=8.0;
	set scaleAxis.isShown=false;
	set scaleAxis.lineWidth=1.0;
	set scaleAxis.majorTicks=1.0;
	set scaleAxis.minorTicks=0.5;
	set scaleAxis.origin=0.0;
	set scaleAxis.reverseAxis=false;
	set scaleAxis.showGrid=true;
	set scaleBar.automaticScale=true;
	set scaleBar.fontSize=10.0;
	set scaleBar.isShown=true;
	set scaleBar.lineWidth=1.0;
	set scaleBar.scaleRange=0.0;
	set tipLabels.colorAttribute="User selection";
	set tipLabels.displayAttribute="Names";
	set tipLabels.fontName="Helvetica";
	set tipLabels.fontSize=10;
	set tipLabels.fontStyle=3;
	set tipLabels.isShown=true;
	set tipLabels.significantDigits=4;
	set trees.order=true;
	set trees.orderType="decreasing";
	set trees.rooting=true;
	set trees.rootingType="User Selection";
	set trees.transform=false;
	set trees.transformType="cladogram";
end;

