#NEXUS
begin taxa;
	dimensions ntax=82;
	taxlabels
	Abelia_uniflora[&!color=#ff0066]
	Acanthocalys_nepalensis[&!color=#33cc00]
	Adoxa_moschatellina[&!color=#330099]
	Bassecoia_siamensis[&!color=#990099]
	Centranthus_ruber[&!color=#00cccc]
	Cephalaria_gigantea[&!color=#990099]
	Cryptothladia_kokonorica[&!color=#33cc00]
	Diabelia_tetrasepala[&!color=#ff0066]
	Diervilla_sessilifolia[&!color=#ff3300]
	Dipelta_floribunda[&!color=#ff0066]
	Dipsacus_fullomum[&!color=#990099]
	Fedia_cornucopiae[&!color=#00cccc]
	Heptacodium_miconioides[&!color=#006600]
	Ilex_crenata
	Knautia_macedonica[&!color=#990099]
	Kolkwitzia_amabilis[&!color=#ff0066]
	Leycesteria_formosa[&!color=#006600]
	Linnea_borealis[&!color=#ff0066]
	Lomelosia_albocinta[&!color=#990099]
	Lonicera_caerulea[&!color=#006600]
	Lonicera_ferdinandi[&!color=#006600]
	Lonicera_floribunda[&!color=#006600]
	Lonicera_fragrantissima[&!color=#006600]
	Lonicera_gynochlamydea[&!color=#006600]
	Lonicera_henryi[&!color=#006600]
	Lonicera_maackii[&!color=#006600]
	Lonicera_orientalis[&!color=#006600]
	Lonicera_periclymenum[&!color=#006600]
	Lonicera_pileata[&!color=#006600]
	Lonicera_quinquelocuaris[&!color=#006600]
	Lonicera_standishii[&!color=#006600]
	Lonicera_tatarica[&!color=#006600]
	Lonicera_xylosteum[&!color=#006600]
	Morina_longifolia[&!color=#33cc00]
	Nardostachys_jatamansi[&!color=#00cccc]
	Paracryphia_alticola
	Patrina_triloba[&!color=#00cccc]
	Plectritis_congesta[&!color=#00cccc]
	Pteracephalodes_hookeri[&!color=#990099]
	Pterocephalus_sanctus[&!color=#990099]
	Pycnocomon_canus[&!color=#990099]
	Sambucus_cerulea[&!color=#330099]
	Sambucus_gaudichaudiana[&!color=#330099]
	Sambucus_pubens[&!color=#330099]
	Sinodoxa_corydarifolia[&!color=#330099]
	Sixalis_farinosa[&!color=#990099]
	Succisa_pratensis[&!color=#990099]
	Succisella_inflexa[&!color=#990099]
	Symphoricarpos_occidentalis[&!color=#006600]
	Triosteum_himalayanum[&!color=#006600]
	Triplostegia_grandulifera[&!color=#990099]
	Valeriana_celtica[&!color=#00cccc]
	Valeriana_lapathifolia[&!color=#00cccc]
	Valeriana_laxiflora[&!color=#00cccc]
	Valeriana_lobata[&!color=#00cccc]
	Valeriana_microphylla[&!color=#00cccc]
	Valeriana_officinalis[&!color=#00cccc]
	Valeriana_polemoniifolia[&!color=#00cccc]
	Valeriana_prinophylla[&!color=#00cccc]
	Valeriana_pyrennica[&!color=#00cccc]
	Valeriana_tuberosa[&!color=#00cccc]
	Valeriana_virescens[&!color=#00cccc]
	Valeriana_wallrothii[&!color=#00cccc]
	Vesalea_coriacea[&!color=#ff0066]
	Viburnum_acutilifolium[&!color=#330099]
	Viburnum_ampliflicatum[&!color=#330099]
	Viburnum_clemensiae[&!color=#330099]
	Viburnum_dentatum[&!color=#330099]
	Viburnum_jamesonii[&!color=#330099]
	Viburnum_lantenoides[&!color=#330099]
	Viburnum_lutescens[&!color=#330099]
	Viburnum_luzonicum[&!color=#330099]
	Viburnum_orientale[&!color=#330099]
	Viburnum_plicatum[&!color=#330099]
	Viburnum_punctatum[&!color=#330099]
	Viburnum_rhytidophyllum[&!color=#330099]
	Viburnum_sargentii[&!color=#330099]
	Viburnum_sieboldii[&!color=#330099]
	Viburnum_taiwanianum[&!color=#330099]
	Weigela_florida[&!color=#ff3300]
	Zabelia_dielsii[&!color=#000000]
	Zabelia_tyaihyoni[&!color=#000000]
;
end;

begin trees;
	tree tree_1 = [&R] (Diervilla_sessilifolia:0.007847,(((Paracryphia_alticola:0.018853,Ilex_crenata:0.048967)[&bootstrap=100]:0.005904,(((Sambucus_pubens:0.018801,(Sambucus_cerulea:0.020022,Sambucus_gaudichaudiana:0.012129)[&bootstrap=23]:9.54E-4)[&bootstrap=94]:0.00258,Sinodoxa_corydarifolia:0.031428)[&bootstrap=100]:0.013797,(((Viburnum_punctatum:0.005545,Viburnum_rhytidophyllum:0.002265)[&bootstrap=100]:0.001876,(((Viburnum_taiwanianum:0.004831,((Viburnum_plicatum:0.028318,Viburnum_lutescens:0.005782)[&bootstrap=72]:5.55E-4,Viburnum_sieboldii:0.004379)[&bootstrap=79]:0.001075)[&bootstrap=30]:2.34E-4,((Viburnum_sargentii:0.009092,Viburnum_ampliflicatum:0.009117)[&bootstrap=80]:0.002868,((Viburnum_dentatum:0.003399,(Viburnum_acutilifolium:5.3E-4,Viburnum_jamesonii:0.006732)[&bootstrap=84]:2.32E-4)[&bootstrap=100]:0.00459,(Viburnum_orientale:0.005127,Viburnum_luzonicum:0.012184)[&bootstrap=100]:0.002747)[&bootstrap=95]:9.15E-4)[&bootstrap=37]:4.13E-4)[&bootstrap=26]:2.42E-4,Viburnum_clemensiae:0.013775)[&bootstrap=28]:2.27E-4)[&bootstrap=38]:7.24E-4,Viburnum_lantenoides:0.007512)[&bootstrap=100]:0.012614)[&bootstrap=100]:0.006838)[&bootstrap=100]:0.039088,((Heptacodium_miconioides:0.030476,((Lonicera_periclymenum:0.013177,((Lonicera_caerulea:0.003647,(Lonicera_pileata:0.005485,((((Lonicera_floribunda:0.001446,Lonicera_xylosteum:0.00203)[&bootstrap=100]:0.001338,((Lonicera_quinquelocuaris:0.003447,Lonicera_maackii:0.002469)[&bootstrap=100]:0.001735,Lonicera_tatarica:0.004682)[&bootstrap=68]:3.6E-4)[&bootstrap=100]:0.00112,Lonicera_orientalis:0.008593)[&bootstrap=99]:3.17E-4,(Lonicera_gynochlamydea:0.005346,Lonicera_henryi:0.010469)[&bootstrap=43]:2.34E-4)[&bootstrap=92]:2.91E-4)[&bootstrap=100]:0.001022)[&bootstrap=100]:6.47E-4,(Lonicera_ferdinandi:0.006138,(Lonicera_standishii:4.75E-4,Lonicera_fragrantissima:0.002054)[&bootstrap=100]:0.004391)[&bootstrap=100]:0.001083)[&bootstrap=100]:0.002358)[&bootstrap=100]:0.006872,((Symphoricarpos_occidentalis:0.007917,Leycesteria_formosa:0.009634)[&bootstrap=100]:7.84E-4,Triosteum_himalayanum:0.012412)[&bootstrap=71]:5.49E-4)[&bootstrap=100]:0.02013)[&bootstrap=100]:0.004224,(((((((Sixalis_farinosa:0.016177,Lomelosia_albocinta:0.011792)[&bootstrap=100]:0.008297,(Pterocephalus_sanctus:0.020574,Pycnocomon_canus:0.010675)[&bootstrap=100]:0.010213)[&bootstrap=100]:0.004387,((Bassecoia_siamensis:0.007761,Pteracephalodes_hookeri:0.010706)[&bootstrap=100]:0.004749,(((Cephalaria_gigantea:0.04973,Dipsacus_fullomum:0.030605)[&bootstrap=88]:0.003186,Knautia_macedonica:0.015494)[&bootstrap=96]:0.003771,(Succisa_pratensis:0.021378,Succisella_inflexa:0.012225)[&bootstrap=100]:0.002241)[&bootstrap=100]:0.001606)[&bootstrap=91]:9.3E-4)[&bootstrap=100]:0.017309,Adoxa_moschatellina:0.044552)[&bootstrap=70]:0.019583,Triplostegia_grandulifera:0.016855)[&bootstrap=70]:0.00574,(Patrina_triloba:0.01989,(Nardostachys_jatamansi:0.009459,(Valeriana_celtica:0.015131,(Fedia_cornucopiae:0.050927,((Centranthus_ruber:0.01465,(Valeriana_microphylla:0.017609,((Plectritis_congesta:0.027536,Valeriana_prinophylla:0.007106)[&bootstrap=100]:6.65E-4,(Valeriana_lapathifolia:0.006709,((Valeriana_laxiflora:0.005486,Valeriana_polemoniifolia:0.004136)[&bootstrap=100]:0.002349,(Valeriana_virescens:0.005229,Valeriana_lobata:0.00569)[&bootstrap=100]:0.001363)[&bootstrap=99]:4.89E-4)[&bootstrap=100]:0.001577)[&bootstrap=100]:0.002132)[&bootstrap=100]:0.005621)[&bootstrap=97]:0.001015,(Valeriana_pyrennica:0.012187,((Valeriana_officinalis:0.001608,Valeriana_wallrothii:0.004511)[&bootstrap=100]:0.003779,Valeriana_tuberosa:0.007891)[&bootstrap=100]:0.011277)[&bootstrap=95]:6.73E-4)[&bootstrap=100]:0.013796)[&bootstrap=100]:0.013795)[&bootstrap=100]:0.019264)[&bootstrap=100]:0.032491)[&bootstrap=100]:0.011047)[&bootstrap=70]:0.005229,(((Zabelia_tyaihyoni:0.004947,Zabelia_dielsii:0.00174)[&bootstrap=100]:0.0112,(Acanthocalys_nepalensis:0.019652,(Morina_longifolia:0.00777,Cryptothladia_kokonorica:0.008513)[&bootstrap=100]:0.019878)[&bootstrap=100]:0.01499)[&bootstrap=100]:0.003591,((Vesalea_coriacea:0.004993,Linnea_borealis:0.003737)[&bootstrap=100]:0.001015,(Abelia_uniflora:0.003905,(Kolkwitzia_amabilis:0.003885,(Dipelta_floribunda:0.004232,Diabelia_tetrasepala:0.006755)[&bootstrap=100]:4.78E-4)[&bootstrap=100]:7.51E-4)[&bootstrap=100]:0.001234)[&bootstrap=100]:0.016966)[&bootstrap=100]:0.001279)[&bootstrap=70]:0.021096)[&bootstrap=70]:0.003379)[&bootstrap=100]:0.012465,Weigela_florida:0.009272);
end;

begin figtree;
	set appearance.backgroundColorAttribute="Default";
	set appearance.backgroundColour=#ffffff;
	set appearance.branchColorAttribute="User selection";
	set appearance.branchColorGradient=false;
	set appearance.branchLineWidth=1.0;
	set appearance.branchMinLineWidth=0.0;
	set appearance.branchWidthAttribute="Fixed";
	set appearance.foregroundColour=#000000;
	set appearance.hilightingGradient=false;
	set appearance.selectionColour=#2d3680;
	set branchLabels.colorAttribute="User selection";
	set branchLabels.displayAttribute="bootstrap";
	set branchLabels.fontName="sansserif";
	set branchLabels.fontSize=8;
	set branchLabels.fontStyle=0;
	set branchLabels.isShown=true;
	set branchLabels.significantDigits=4;
	set layout.expansion=495;
	set layout.layoutType="RECTILINEAR";
	set layout.zoom=0;
	set legend.attribute="bootstrap";
	set legend.fontSize=10.0;
	set legend.isShown=false;
	set legend.significantDigits=4;
	set nodeBars.barWidth=4.0;
	set nodeBars.displayAttribute=null;
	set nodeBars.isShown=false;
	set nodeLabels.colorAttribute="User selection";
	set nodeLabels.displayAttribute="Node ages";
	set nodeLabels.fontName="sansserif";
	set nodeLabels.fontSize=8;
	set nodeLabels.fontStyle=0;
	set nodeLabels.isShown=false;
	set nodeLabels.significantDigits=4;
	set nodeShapeExternal.colourAttribute="User selection";
	set nodeShapeExternal.isShown=false;
	set nodeShapeExternal.minSize=10.0;
	set nodeShapeExternal.scaleType=Width;
	set nodeShapeExternal.shapeType=Circle;
	set nodeShapeExternal.size=4.0;
	set nodeShapeExternal.sizeAttribute="Fixed";
	set nodeShapeInternal.colourAttribute="User selection";
	set nodeShapeInternal.isShown=false;
	set nodeShapeInternal.minSize=10.0;
	set nodeShapeInternal.scaleType=Width;
	set nodeShapeInternal.shapeType=Circle;
	set nodeShapeInternal.size=4.0;
	set nodeShapeInternal.sizeAttribute="Fixed";
	set polarLayout.alignTipLabels=false;
	set polarLayout.angularRange=0;
	set polarLayout.rootAngle=0;
	set polarLayout.rootLength=100;
	set polarLayout.showRoot=true;
	set radialLayout.spread=0.0;
	set rectilinearLayout.alignTipLabels=false;
	set rectilinearLayout.curvature=0;
	set rectilinearLayout.rootLength=100;
	set scale.offsetAge=0.0;
	set scale.rootAge=1.0;
	set scale.scaleFactor=1.0;
	set scale.scaleRoot=false;
	set scaleAxis.automaticScale=true;
	set scaleAxis.fontSize=8.0;
	set scaleAxis.isShown=false;
	set scaleAxis.lineWidth=1.0;
	set scaleAxis.majorTicks=1.0;
	set scaleAxis.minorTicks=0.5;
	set scaleAxis.origin=0.0;
	set scaleAxis.reverseAxis=false;
	set scaleAxis.showGrid=true;
	set scaleBar.automaticScale=true;
	set scaleBar.fontSize=10.0;
	set scaleBar.isShown=true;
	set scaleBar.lineWidth=1.0;
	set scaleBar.scaleRange=0.0;
	set tipLabels.colorAttribute="User selection";
	set tipLabels.displayAttribute="Names";
	set tipLabels.fontName="Helvetica";
	set tipLabels.fontSize=10;
	set tipLabels.fontStyle=3;
	set tipLabels.isShown=true;
	set tipLabels.significantDigits=4;
	set trees.order=true;
	set trees.orderType="decreasing";
	set trees.rooting=true;
	set trees.rootingType="User Selection";
	set trees.transform=false;
	set trees.transformType="cladogram";
end;

