#NEXUS
begin taxa;
	dimensions ntax=82;
	taxlabels
	Abelia_uniflora[&!color=#ff0066]
	Acanthocalys_nepalensis[&!color=#33cc00]
	Adoxa_moschatellina
	Bassecoia_siamensis[&!color=#990099]
	Centranthus_ruber[&!color=#00cccc]
	Cephalaria_gigantea[&!color=#990099]
	Cryptothladia_kokonorica[&!color=#33cc00]
	Diabelia_tetrasepala[&!color=#ff0066]
	Diervilla_sessilifolia[&!color=#ff3300]
	Dipelta_floribunda[&!color=#ff0066]
	Dipsacus_fullomum[&!color=#990099]
	Fedia_cornucopiae[&!color=#00cccc]
	Heptacodium_miconioides[&!color=#006600]
	Ilex_crenata
	Knautia_macedonica[&!color=#990099]
	Kolkwitzia_amabilis[&!color=#ff0066]
	Leycesteria_formosa[&!color=#006600]
	Linnea_borealis[&!color=#ff0066]
	Lomelosia_albocinta[&!color=#990099]
	Lonicera_caerulea[&!color=#006600]
	Lonicera_ferdinandi[&!color=#006600]
	Lonicera_floribunda[&!color=#006600]
	Lonicera_fragrantissima[&!color=#006600]
	Lonicera_gynochlamydea[&!color=#006600]
	Lonicera_henryi[&!color=#006600]
	Lonicera_maackii[&!color=#006600]
	Lonicera_orientalis[&!color=#006600]
	Lonicera_periclymenum[&!color=#006600]
	Lonicera_pileata[&!color=#006600]
	Lonicera_quinquelocuaris[&!color=#006600]
	Lonicera_standishii[&!color=#006600]
	Lonicera_tatarica[&!color=#006600]
	Lonicera_xylosteum[&!color=#006600]
	Morina_longifolia[&!color=#33cc00]
	Nardostachys_jatamansi[&!color=#00cccc]
	Paracryphia_alticola
	Patrina_triloba[&!color=#00cccc]
	Plectritis_congesta[&!color=#00cccc]
	Pteracephalodes_hookeri[&!color=#990099]
	Pterocephalus_sanctus[&!color=#990099]
	Pycnocomon_canus[&!color=#990099]
	Sambucus_cerulea[&!color=#330099]
	Sambucus_gaudichaudiana[&!color=#330099]
	Sambucus_pubens[&!color=#330099]
	Sinodoxa_corydarifolia[&!color=#330099]
	Sixalis_farinosa[&!color=#990099]
	Succisa_pratensis[&!color=#990099]
	Succisella_inflexa[&!color=#990099]
	Symphoricarpos_occidentalis[&!color=#006600]
	Triosteum_himalayanum[&!color=#006600]
	Triplostegia_grandulifera[&!color=#990099]
	Valeriana_celtica[&!color=#00cccc]
	Valeriana_lapathifolia[&!color=#00cccc]
	Valeriana_laxiflora[&!color=#00cccc]
	Valeriana_lobata[&!color=#00cccc]
	Valeriana_microphylla[&!color=#00cccc]
	Valeriana_officinalis[&!color=#00cccc]
	Valeriana_polemoniifolia[&!color=#00cccc]
	Valeriana_prinophylla[&!color=#00cccc]
	Valeriana_pyrennica[&!color=#00cccc]
	Valeriana_tuberosa[&!color=#00cccc]
	Valeriana_virescens[&!color=#00cccc]
	Valeriana_wallrothii[&!color=#00cccc]
	Vesalea_coriacea[&!color=#ff0066]
	Viburnum_acutilifolium[&!color=#330099]
	Viburnum_ampliflicatum[&!color=#330099]
	Viburnum_clemensiae[&!color=#330099]
	Viburnum_dentatum[&!color=#330099]
	Viburnum_jamesonii[&!color=#330099]
	Viburnum_lantenoides[&!color=#330099]
	Viburnum_lutescens[&!color=#330099]
	Viburnum_luzonicum[&!color=#330099]
	Viburnum_orientale[&!color=#330099]
	Viburnum_plicatum[&!color=#330099]
	Viburnum_punctatum[&!color=#330099]
	Viburnum_rhytidophyllum[&!color=#330099]
	Viburnum_sargentii[&!color=#330099]
	Viburnum_sieboldii[&!color=#330099]
	Viburnum_taiwanianum[&!color=#330099]
	Weigela_florida[&!color=#ff3300]
	Zabelia_dielsii[&!color=#000000]
	Zabelia_tyaihyoni[&!color=#000000]
;
end;

begin trees;
	tree tree_1 = [&R] (Vesalea_coriacea:0.008072,(((((Morina_longifolia:0.013359,Cryptothladia_kokonorica:0.024639)[&bootstrap=100]:0.033114,Acanthocalys_nepalensis:0.032759)[&bootstrap=100]:0.02535,(Zabelia_dielsii:0.002071,Zabelia_tyaihyoni:0.005299)[&bootstrap=100]:0.02028)[&bootstrap=100]:0.006579,(((Triplostegia_grandulifera:0.02484,(((Sixalis_farinosa:0.018022,Lomelosia_albocinta:0.008339)[&bootstrap=100]:0.015893,(Pterocephalus_sanctus:0.02009,Pycnocomon_canus:0.014037)[&bootstrap=100]:0.019491)[&bootstrap=99]:0.007861,((Pteracephalodes_hookeri:0.018046,Bassecoia_siamensis:0.013788)[&bootstrap=100]:0.00749,((Succisa_pratensis:0.023831,Succisella_inflexa:0.009652)[&bootstrap=100]:0.006349,((Dipsacus_fullomum:0.016908,Cephalaria_gigantea:0.054558)[&bootstrap=100]:0.008329,Knautia_macedonica:0.029765)[&bootstrap=99]:0.005196)[&bootstrap=75]:0.001823)[&bootstrap=62]:0.001636)[&bootstrap=100]:0.05714)[&bootstrap=100]:0.010213,(Patrina_triloba:0.035885,(Nardostachys_jatamansi:0.018089,(Valeriana_celtica:0.024459,(Fedia_cornucopiae:0.084868,((Centranthus_ruber:0.023678,((Plectritis_congesta:0.048269,Valeriana_prinophylla:0.012857)[&bootstrap=93]:0.001249,(Valeriana_microphylla:0.024693,(Valeriana_lapathifolia:0.01305,((Valeriana_laxiflora:0.012177,Valeriana_polemoniifolia:0.009161)[&bootstrap=100]:0.004114,(Valeriana_lobata:0.008997,Valeriana_virescens:0.011563)[&bootstrap=100]:0.002428)[&bootstrap=58]:6.5E-4)[&bootstrap=98]:0.00145)[&bootstrap=85]:0.002104)[&bootstrap=100]:0.011542)[&bootstrap=100]:0.002339,((Valeriana_tuberosa:0.012889,(Valeriana_wallrothii:0.00727,Valeriana_officinalis:0.002648)[&bootstrap=100]:0.005934)[&bootstrap=100]:0.017907,Valeriana_pyrennica:0.019886)[&bootstrap=50]:7.22E-4)[&bootstrap=100]:0.021085)[&bootstrap=100]:0.019141)[&bootstrap=100]:0.030021)[&bootstrap=100]:0.065569)[&bootstrap=100]:0.017137)[&bootstrap=100]:0.010525,((Heptacodium_miconioides:0.045718,((Lonicera_periclymenum:0.014796,((Lonicera_caerulea:0.0053,(Lonicera_pileata:0.008112,((((Lonicera_floribunda:0.003661,(Lonicera_xylosteum:0.002593,Lonicera_tatarica:0.007245)[&bootstrap=81]:0.002686)[&bootstrap=82]:0.001269,(Lonicera_maackii:0.002552,Lonicera_quinquelocuaris:0.005446)[&bootstrap=100]:0.003044)[&bootstrap=100]:0.001474,Lonicera_orientalis:0.013557)[&bootstrap=100]:5.07E-4,(Lonicera_gynochlamydea:0.008006,Lonicera_henryi:0.017691)[&bootstrap=49]:5.28E-4)[&bootstrap=91]:7.19E-4)[&bootstrap=100]:0.001615)[&bootstrap=100]:0.001338,(Lonicera_ferdinandi:0.007816,(Lonicera_standishii:8.25E-4,Lonicera_fragrantissima:9.81E-4)[&bootstrap=100]:0.007487)[&bootstrap=100]:0.002718)[&bootstrap=100]:0.002968)[&bootstrap=100]:0.010307,((Symphoricarpos_occidentalis:0.01083,Leycesteria_formosa:0.014341)[&bootstrap=83]:7.41E-4,Triosteum_himalayanum:0.018866)[&bootstrap=73]:0.001005)[&bootstrap=100]:0.029876)[&bootstrap=97]:0.005913,((Diervilla_sessilifolia:0.011735,Weigela_florida:0.013262)[&bootstrap=100]:0.019324,((Ilex_crenata:0.08215,Paracryphia_alticola:0.035893)[&bootstrap=100]:0.015811,((Viburnum_lantenoides:0.011587,((((Viburnum_lutescens:0.009933,Viburnum_plicatum:0.024443)[&bootstrap=77]:0.001996,Viburnum_sieboldii:0.006716)[&bootstrap=54]:0.001694,((Viburnum_clemensiae:0.021062,(Viburnum_ampliflicatum:0.008714,Viburnum_sargentii:0.01199)[&bootstrap=97]:0.004524)[&bootstrap=38]:0.001538,(((Viburnum_luzonicum:0.011864,Viburnum_orientale:0.004705)[&bootstrap=100]:0.003655,(Viburnum_dentatum:0.004743,(Viburnum_jamesonii:0.009837,Viburnum_acutilifolium:7.01E-4)[&bootstrap=95]:6.26E-4)[&bootstrap=100]:0.007782)[&bootstrap=100]:0.001807,Viburnum_taiwanianum:0.009541)[&bootstrap=64]:3.26E-4)[&bootstrap=53]:5.66E-4)[&bootstrap=17]:7.54E-4,(Viburnum_punctatum:0.004503,Viburnum_rhytidophyllum:0.003054)[&bootstrap=100]:0.002692)[&bootstrap=66]:0.002063)[&bootstrap=100]:0.025182,((Adoxa_moschatellina:0.053611,Sinodoxa_corydarifolia:0.033101)[&bootstrap=100]:0.028888,(Sambucus_pubens:0.022091,(Sambucus_gaudichaudiana:0.021877,Sambucus_cerulea:0.027376)[&bootstrap=2]:0.003522)[&bootstrap=100]:0.010307)[&bootstrap=100]:0.021584)[&bootstrap=100]:0.014638)[&bootstrap=100]:0.054013)[&bootstrap=100]:0.005589)[&bootstrap=100]:0.033258)[&bootstrap=84]:0.001885)[&bootstrap=100]:0.024339,(Abelia_uniflora:0.006865,(Kolkwitzia_amabilis:0.00707,(Dipelta_floribunda:0.008799,Diabelia_tetrasepala:0.01113)[&bootstrap=88]:7.38E-4)[&bootstrap=100]:0.001299)[&bootstrap=100]:0.001989)[&bootstrap=100]:0.00212,Linnea_borealis:0.007113);
end;

begin figtree;
	set appearance.backgroundColorAttribute="Default";
	set appearance.backgroundColour=#ffffff;
	set appearance.branchColorAttribute="User selection";
	set appearance.branchColorGradient=false;
	set appearance.branchLineWidth=1.0;
	set appearance.branchMinLineWidth=0.0;
	set appearance.branchWidthAttribute="Fixed";
	set appearance.foregroundColour=#000000;
	set appearance.hilightingGradient=false;
	set appearance.selectionColour=#2d3680;
	set branchLabels.colorAttribute="User selection";
	set branchLabels.displayAttribute="bootstrap";
	set branchLabels.fontName="sansserif";
	set branchLabels.fontSize=8;
	set branchLabels.fontStyle=0;
	set branchLabels.isShown=true;
	set branchLabels.significantDigits=4;
	set layout.expansion=455;
	set layout.layoutType="RECTILINEAR";
	set layout.zoom=0;
	set legend.attribute=null;
	set legend.fontSize=10.0;
	set legend.isShown=false;
	set legend.significantDigits=4;
	set nodeBars.barWidth=4.0;
	set nodeBars.displayAttribute=null;
	set nodeBars.isShown=false;
	set nodeLabels.colorAttribute="User selection";
	set nodeLabels.displayAttribute="Node ages";
	set nodeLabels.fontName="sansserif";
	set nodeLabels.fontSize=8;
	set nodeLabels.fontStyle=0;
	set nodeLabels.isShown=false;
	set nodeLabels.significantDigits=4;
	set nodeShapeExternal.colourAttribute=null;
	set nodeShapeExternal.isShown=false;
	set nodeShapeExternal.minSize=10.0;
	set nodeShapeExternal.scaleType=Width;
	set nodeShapeExternal.shapeType=Circle;
	set nodeShapeExternal.size=4.0;
	set nodeShapeExternal.sizeAttribute=null;
	set nodeShapeInternal.colourAttribute=null;
	set nodeShapeInternal.isShown=false;
	set nodeShapeInternal.minSize=10.0;
	set nodeShapeInternal.scaleType=Width;
	set nodeShapeInternal.shapeType=Circle;
	set nodeShapeInternal.size=4.0;
	set nodeShapeInternal.sizeAttribute=null;
	set polarLayout.alignTipLabels=false;
	set polarLayout.angularRange=0;
	set polarLayout.rootAngle=0;
	set polarLayout.rootLength=100;
	set polarLayout.showRoot=true;
	set radialLayout.spread=0.0;
	set rectilinearLayout.alignTipLabels=false;
	set rectilinearLayout.curvature=0;
	set rectilinearLayout.rootLength=100;
	set scale.offsetAge=0.0;
	set scale.rootAge=1.0;
	set scale.scaleFactor=1.0;
	set scale.scaleRoot=false;
	set scaleAxis.automaticScale=true;
	set scaleAxis.fontSize=8.0;
	set scaleAxis.isShown=false;
	set scaleAxis.lineWidth=1.0;
	set scaleAxis.majorTicks=1.0;
	set scaleAxis.minorTicks=0.5;
	set scaleAxis.origin=0.0;
	set scaleAxis.reverseAxis=false;
	set scaleAxis.showGrid=true;
	set scaleBar.automaticScale=true;
	set scaleBar.fontSize=10.0;
	set scaleBar.isShown=true;
	set scaleBar.lineWidth=1.0;
	set scaleBar.scaleRange=0.0;
	set tipLabels.colorAttribute="User selection";
	set tipLabels.displayAttribute="Names";
	set tipLabels.fontName="Helvetica";
	set tipLabels.fontSize=10;
	set tipLabels.fontStyle=3;
	set tipLabels.isShown=true;
	set tipLabels.significantDigits=4;
	set trees.order=true;
	set trees.orderType="decreasing";
	set trees.rooting=true;
	set trees.rootingType="User Selection";
	set trees.transform=false;
	set trees.transformType="cladogram";
end;

